10/25/2023 11:30:24 - WARNING - discord.client -   PyNaCl is not installed, voice will NOT be supported
10/25/2023 11:30:24 - DEBUG - discord.client -   on_ready has successfully been registered as an event
10/25/2023 11:30:24 - DEBUG - asyncio -   Using proactor: IocpProactor
10/25/2023 11:30:24 - INFO - discord.client -   logging in using static token
10/25/2023 11:30:27 - INFO - discord.gateway -   Shard ID None has connected to Gateway (Session ID: 39cce608e608b6ce4e1876d6d90a4a47).
10/25/2023 11:30:29 - INFO - BOT -   Bot loaded extensions on_join_handler.py
10/25/2023 11:30:29 - INFO - BOT -   Bot loaded extensions presence_manager.py
10/25/2023 11:30:29 - ERROR - BOT -   Extension 'Bot.cogs.__init__' has no 'setup' function.
10/25/2023 11:30:29 - ERROR - discord.ext.tasks -   Unhandled exception in internal background task 'change_presence'.
Traceback (most recent call last):
  File "C:\Users\Aaroegun\AppData\Roaming\Python\Python311\site-packages\discord\ext\tasks\__init__.py", line 239, in _loop
    await self.coro(*args, **kwargs)
          ^^^^^^^^^^^^^^^^^^^^^^^^^^
TypeError: Presence.change_presence() missing 1 required positional argument: 'self'
10/25/2023 11:30:29 - ERROR - discord.client -   Ignoring exception in on_ready
Traceback (most recent call last):
  File "C:\Users\Aaroegun\AppData\Roaming\Python\Python311\site-packages\discord\client.py", line 441, in _run_event
    await coro(*args, **kwargs)
  File "c:\Users\Aaroegun\Desktop\Techrise-Visionary-bot\Bot\controller\main.py", line 23, in on_ready
    await Presence.change_presence.start()
  File "C:\Users\Aaroegun\AppData\Roaming\Python\Python311\site-packages\discord\ext\tasks\__init__.py", line 264, in _loop
    raise exc
  File "C:\Users\Aaroegun\AppData\Roaming\Python\Python311\site-packages\discord\ext\tasks\__init__.py", line 239, in _loop
    await self.coro(*args, **kwargs)
          ^^^^^^^^^^^^^^^^^^^^^^^^^^
TypeError: Presence.change_presence() missing 1 required positional argument: 'self'
